2021-09-29 17:15:17:29 :Logic Base : Microsoft.Data.SqlClient.SqlException (0x80131904): Invalid column name 'Price'.
Invalid column name 'Units'.
   at Microsoft.Data.SqlClient.SqlCommand.<>c.<ExecuteDbDataReaderAsync>b__164_0(Task`1 result)
   at System.Threading.Tasks.ContinuationResultTaskFromResultTask`2.InnerInvoke()
   at System.Threading.Tasks.Task.<>c.<.cctor>b__274_0(Object obj)
   at System.Threading.ExecutionContext.RunInternal(ExecutionContext executionContext, ContextCallback callback, Object state)
--- End of stack trace from previous location where exception was thrown ---
   at System.Threading.ExecutionContext.RunInternal(ExecutionContext executionContext, ContextCallback callback, Object state)
   at System.Threading.Tasks.Task.ExecuteWithThreadLocal(Task& currentTaskSlot, Thread threadPoolThread)
--- End of stack trace from previous location where exception was thrown ---
   at Microsoft.EntityFrameworkCore.Storage.RelationalCommand.ExecuteReaderAsync(RelationalCommandParameterObject parameterObject, CancellationToken cancellationToken)
   at Microsoft.EntityFrameworkCore.Storage.RelationalCommand.ExecuteReaderAsync(RelationalCommandParameterObject parameterObject, CancellationToken cancellationToken)
   at Microsoft.EntityFrameworkCore.Storage.RelationalCommand.ExecuteReaderAsync(RelationalCommandParameterObject parameterObject, CancellationToken cancellationToken)
   at Microsoft.EntityFrameworkCore.Query.Internal.QueryingEnumerable`1.AsyncEnumerator.InitializeReaderAsync(DbContext _, Boolean result, CancellationToken cancellationToken)
   at Microsoft.EntityFrameworkCore.SqlServer.Storage.Internal.SqlServerExecutionStrategy.ExecuteAsync[TState,TResult](TState state, Func`4 operation, Func`4 verifySucceeded, CancellationToken cancellationToken)
   at Microsoft.EntityFrameworkCore.Query.Internal.QueryingEnumerable`1.AsyncEnumerator.MoveNextAsync()
   at Microsoft.EntityFrameworkCore.EntityFrameworkQueryableExtensions.ToListAsync[TSource](IQueryable`1 source, CancellationToken cancellationToken)
   at Microsoft.EntityFrameworkCore.EntityFrameworkQueryableExtensions.ToListAsync[TSource](IQueryable`1 source, CancellationToken cancellationToken)
   at SmartLogic.TransactionService.Transactions() in D:\Dev Projects\SmartSave\SmartLogic\Service\TransactionService.cs:line 303
ClientConnectionId:4df9e160-72e5-4a4c-8ec9-9d1f0972ed7b
Error Number:207,State:1,Class:16
2021-09-29 19:29:04:63 :Reporting : System.ArgumentOutOfRangeException: Specified argument was out of the range of valid values. (Parameter 'index')
   at MigraDocCore.DocumentObjectModel.Tables.Cells.get_Item(Int32 index)
   at SmartReporting.ProofOfPayment.TransactionDetails() in D:\Dev Projects\SmartSave\SmartReporting\ProofOfPayment.cs:line 249
2021-09-29 19:29:04:76 :Reporting : System.ArgumentOutOfRangeException: Specified argument was out of the range of valid values. (Parameter 'index')
   at MigraDocCore.DocumentObjectModel.Tables.Cells.get_Item(Int32 index)
   at SmartReporting.ProofOfPayment.TransactionDetails() in D:\Dev Projects\SmartSave\SmartReporting\ProofOfPayment.cs:line 249
   at SmartReporting.ProofOfPayment.Print(Transaction paymentsFile) in D:\Dev Projects\SmartSave\SmartReporting\ProofOfPayment.cs:line 40
2021-09-29 19:29:04:87 :GUI : System.ArgumentOutOfRangeException: Specified argument was out of the range of valid values. (Parameter 'index')
   at MigraDocCore.DocumentObjectModel.Tables.Cells.get_Item(Int32 index)
   at SmartReporting.ProofOfPayment.TransactionDetails() in D:\Dev Projects\SmartSave\SmartReporting\ProofOfPayment.cs:line 249
   at SmartReporting.ProofOfPayment.Print(Transaction paymentsFile) in D:\Dev Projects\SmartSave\SmartReporting\ProofOfPayment.cs:line 40
   at SmartSave.Controllers.TransactionsController.PrintReceipt(Int32 id, Boolean passwordProtect, String clientIDNumber) in D:\Dev Projects\SmartSave\SmartSave\Controllers\TransactionsController.cs:line 224
2021-09-29 19:29:13:91 :Reporting : System.ArgumentOutOfRangeException: Specified argument was out of the range of valid values. (Parameter 'index')
   at MigraDocCore.DocumentObjectModel.Tables.Cells.get_Item(Int32 index)
   at SmartReporting.ProofOfPayment.TransactionDetails() in D:\Dev Projects\SmartSave\SmartReporting\ProofOfPayment.cs:line 249
2021-09-29 19:29:13:95 :Reporting : System.ArgumentOutOfRangeException: Specified argument was out of the range of valid values. (Parameter 'index')
   at MigraDocCore.DocumentObjectModel.Tables.Cells.get_Item(Int32 index)
   at SmartReporting.ProofOfPayment.TransactionDetails() in D:\Dev Projects\SmartSave\SmartReporting\ProofOfPayment.cs:line 249
   at SmartReporting.ProofOfPayment.Print(Transaction paymentsFile) in D:\Dev Projects\SmartSave\SmartReporting\ProofOfPayment.cs:line 40
2021-09-29 19:29:14:03 :GUI : System.ArgumentOutOfRangeException: Specified argument was out of the range of valid values. (Parameter 'index')
   at MigraDocCore.DocumentObjectModel.Tables.Cells.get_Item(Int32 index)
   at SmartReporting.ProofOfPayment.TransactionDetails() in D:\Dev Projects\SmartSave\SmartReporting\ProofOfPayment.cs:line 249
   at SmartReporting.ProofOfPayment.Print(Transaction paymentsFile) in D:\Dev Projects\SmartSave\SmartReporting\ProofOfPayment.cs:line 40
   at SmartSave.Controllers.TransactionsController.PrintReceipt(Int32 id, Boolean passwordProtect, String clientIDNumber) in D:\Dev Projects\SmartSave\SmartSave\Controllers\TransactionsController.cs:line 224
2021-09-29 19:30:49:61 :Reporting : System.ArgumentOutOfRangeException: Specified argument was out of the range of valid values. (Parameter 'index')
   at MigraDocCore.DocumentObjectModel.Tables.Cells.get_Item(Int32 index)
   at SmartReporting.ProofOfPayment.TransactionDetails() in D:\Dev Projects\SmartSave\SmartReporting\ProofOfPayment.cs:line 249
2021-09-29 19:30:49:65 :Reporting : System.ArgumentOutOfRangeException: Specified argument was out of the range of valid values. (Parameter 'index')
   at MigraDocCore.DocumentObjectModel.Tables.Cells.get_Item(Int32 index)
   at SmartReporting.ProofOfPayment.TransactionDetails() in D:\Dev Projects\SmartSave\SmartReporting\ProofOfPayment.cs:line 249
   at SmartReporting.ProofOfPayment.Print(Transaction paymentsFile) in D:\Dev Projects\SmartSave\SmartReporting\ProofOfPayment.cs:line 40
2021-09-29 19:30:49:68 :GUI : System.ArgumentOutOfRangeException: Specified argument was out of the range of valid values. (Parameter 'index')
   at MigraDocCore.DocumentObjectModel.Tables.Cells.get_Item(Int32 index)
   at SmartReporting.ProofOfPayment.TransactionDetails() in D:\Dev Projects\SmartSave\SmartReporting\ProofOfPayment.cs:line 249
   at SmartReporting.ProofOfPayment.Print(Transaction paymentsFile) in D:\Dev Projects\SmartSave\SmartReporting\ProofOfPayment.cs:line 40
   at SmartSave.Controllers.TransactionsController.PrintReceipt(Int32 id, Boolean passwordProtect, String clientIDNumber) in D:\Dev Projects\SmartSave\SmartSave\Controllers\TransactionsController.cs:line 224
